  main.cpp
D:\Game230\Asteroids\Asteroids\Asteroids\main.cpp(162,60): warning C4244:  “参数”: 从“double”转换到“float”，可能丢失数据
D:\Game230\Asteroids\Asteroids\Asteroids\main.cpp(163,61): warning C4244:  “参数”: 从“double”转换到“float”，可能丢失数据
D:\Game230\Asteroids\Asteroids\Asteroids\main.cpp(445,12): warning C4244:  “参数”: 从“time_t”转换到“unsigned int”，可能丢失数据
D:\Game230\Asteroids\Asteroids\Asteroids\main.cpp(449,12): warning C4244:  “参数”: 从“time_t”转换到“unsigned int”，可能丢失数据
D:\Game230\Asteroids\Asteroids\Asteroids\main.cpp(450,16): warning C4244:  “return”: 从“double”转换到“float”，可能丢失数据
D:\Game230\Asteroids\Asteroids\Asteroids\main.cpp(735,74): warning C4244:  “参数”: 从“double”转换到“T”，可能丢失数据
D:\Game230\Asteroids\Asteroids\Asteroids\main.cpp(735,74): warning C4244:         with
D:\Game230\Asteroids\Asteroids\Asteroids\main.cpp(735,74): warning C4244:         [
D:\Game230\Asteroids\Asteroids\Asteroids\main.cpp(735,74): warning C4244:             T=float
D:\Game230\Asteroids\Asteroids\Asteroids\main.cpp(735,74): warning C4244:         ]
D:\Game230\Asteroids\Asteroids\Asteroids\main.cpp(735,49): warning C4244:  “参数”: 从“double”转换到“T”，可能丢失数据
D:\Game230\Asteroids\Asteroids\Asteroids\main.cpp(735,49): warning C4244:         with
D:\Game230\Asteroids\Asteroids\Asteroids\main.cpp(735,49): warning C4244:         [
D:\Game230\Asteroids\Asteroids\Asteroids\main.cpp(735,49): warning C4244:             T=float
D:\Game230\Asteroids\Asteroids\Asteroids\main.cpp(735,49): warning C4244:         ]
D:\Game230\Asteroids\Asteroids\Asteroids\main.cpp(747,75): warning C4244:  “参数”: 从“double”转换到“T”，可能丢失数据
D:\Game230\Asteroids\Asteroids\Asteroids\main.cpp(747,75): warning C4244:         with
D:\Game230\Asteroids\Asteroids\Asteroids\main.cpp(747,75): warning C4244:         [
D:\Game230\Asteroids\Asteroids\Asteroids\main.cpp(747,75): warning C4244:             T=float
D:\Game230\Asteroids\Asteroids\Asteroids\main.cpp(747,75): warning C4244:         ]
D:\Game230\Asteroids\Asteroids\Asteroids\main.cpp(747,50): warning C4244:  “参数”: 从“double”转换到“T”，可能丢失数据
D:\Game230\Asteroids\Asteroids\Asteroids\main.cpp(747,50): warning C4244:         with
D:\Game230\Asteroids\Asteroids\Asteroids\main.cpp(747,50): warning C4244:         [
D:\Game230\Asteroids\Asteroids\Asteroids\main.cpp(747,50): warning C4244:             T=float
D:\Game230\Asteroids\Asteroids\Asteroids\main.cpp(747,50): warning C4244:         ]
D:\Game230\Asteroids\Asteroids\Asteroids\main.cpp(760,75): warning C4244:  “参数”: 从“double”转换到“T”，可能丢失数据
D:\Game230\Asteroids\Asteroids\Asteroids\main.cpp(760,75): warning C4244:         with
D:\Game230\Asteroids\Asteroids\Asteroids\main.cpp(760,75): warning C4244:         [
D:\Game230\Asteroids\Asteroids\Asteroids\main.cpp(760,75): warning C4244:             T=float
D:\Game230\Asteroids\Asteroids\Asteroids\main.cpp(760,75): warning C4244:         ]
D:\Game230\Asteroids\Asteroids\Asteroids\main.cpp(760,50): warning C4244:  “参数”: 从“double”转换到“T”，可能丢失数据
D:\Game230\Asteroids\Asteroids\Asteroids\main.cpp(760,50): warning C4244:         with
D:\Game230\Asteroids\Asteroids\Asteroids\main.cpp(760,50): warning C4244:         [
D:\Game230\Asteroids\Asteroids\Asteroids\main.cpp(760,50): warning C4244:             T=float
D:\Game230\Asteroids\Asteroids\Asteroids\main.cpp(760,50): warning C4244:         ]
D:\Game230\Asteroids\Asteroids\Asteroids\main.cpp(808,85): warning C4244:  “参数”: 从“T”转换到“float”，可能丢失数据
D:\Game230\Asteroids\Asteroids\Asteroids\main.cpp(808,85): warning C4244:         with
D:\Game230\Asteroids\Asteroids\Asteroids\main.cpp(808,85): warning C4244:         [
D:\Game230\Asteroids\Asteroids\Asteroids\main.cpp(808,85): warning C4244:             T=int
D:\Game230\Asteroids\Asteroids\Asteroids\main.cpp(808,85): warning C4244:         ]
D:\Game230\Asteroids\Asteroids\Asteroids\main.cpp(808,51): warning C4244:  “参数”: 从“T”转换到“float”，可能丢失数据
D:\Game230\Asteroids\Asteroids\Asteroids\main.cpp(808,51): warning C4244:         with
D:\Game230\Asteroids\Asteroids\Asteroids\main.cpp(808,51): warning C4244:         [
D:\Game230\Asteroids\Asteroids\Asteroids\main.cpp(808,51): warning C4244:             T=int
D:\Game230\Asteroids\Asteroids\Asteroids\main.cpp(808,51): warning C4244:         ]
D:\Game230\Asteroids\Asteroids\Asteroids\main.cpp(839,94): warning C4244:  “参数”: 从“T”转换到“float”，可能丢失数据
D:\Game230\Asteroids\Asteroids\Asteroids\main.cpp(839,94): warning C4244:         with
D:\Game230\Asteroids\Asteroids\Asteroids\main.cpp(839,94): warning C4244:         [
D:\Game230\Asteroids\Asteroids\Asteroids\main.cpp(839,94): warning C4244:             T=int
D:\Game230\Asteroids\Asteroids\Asteroids\main.cpp(839,94): warning C4244:         ]
D:\Game230\Asteroids\Asteroids\Asteroids\main.cpp(839,60): warning C4244:  “参数”: 从“T”转换到“float”，可能丢失数据
D:\Game230\Asteroids\Asteroids\Asteroids\main.cpp(839,60): warning C4244:         with
D:\Game230\Asteroids\Asteroids\Asteroids\main.cpp(839,60): warning C4244:         [
D:\Game230\Asteroids\Asteroids\Asteroids\main.cpp(839,60): warning C4244:             T=int
D:\Game230\Asteroids\Asteroids\Asteroids\main.cpp(839,60): warning C4244:         ]
D:\Game230\Asteroids\Asteroids\Asteroids\main.cpp(841,26): warning C4018:  “<”: 有符号/无符号不匹配
D:\Game230\Asteroids\Asteroids\Asteroids\main.cpp(877,25): warning C4018:  “<”: 有符号/无符号不匹配
D:\Game230\Asteroids\Asteroids\Asteroids\main.cpp(919,25): warning C4018:  “<”: 有符号/无符号不匹配
D:\Game230\Asteroids\Asteroids\Asteroids\main.cpp(963,28): warning C4018:  “<”: 有符号/无符号不匹配
D:\Game230\Asteroids\Asteroids\Asteroids\main.cpp(965,30): warning C4018:  “<”: 有符号/无符号不匹配
D:\Game230\Asteroids\Asteroids\Asteroids\main.cpp(985,86): warning C4244:  “参数”: 从“double”转换到“T”，可能丢失数据
D:\Game230\Asteroids\Asteroids\Asteroids\main.cpp(985,86): warning C4244:         with
D:\Game230\Asteroids\Asteroids\Asteroids\main.cpp(985,86): warning C4244:         [
D:\Game230\Asteroids\Asteroids\Asteroids\main.cpp(985,86): warning C4244:             T=float
D:\Game230\Asteroids\Asteroids\Asteroids\main.cpp(985,86): warning C4244:         ]
D:\Game230\Asteroids\Asteroids\Asteroids\main.cpp(985,61): warning C4244:  “参数”: 从“double”转换到“T”，可能丢失数据
D:\Game230\Asteroids\Asteroids\Asteroids\main.cpp(985,61): warning C4244:         with
D:\Game230\Asteroids\Asteroids\Asteroids\main.cpp(985,61): warning C4244:         [
D:\Game230\Asteroids\Asteroids\Asteroids\main.cpp(985,61): warning C4244:             T=float
D:\Game230\Asteroids\Asteroids\Asteroids\main.cpp(985,61): warning C4244:         ]
D:\Game230\Asteroids\Asteroids\Asteroids\main.cpp(998,87): warning C4244:  “参数”: 从“double”转换到“T”，可能丢失数据
D:\Game230\Asteroids\Asteroids\Asteroids\main.cpp(998,87): warning C4244:         with
D:\Game230\Asteroids\Asteroids\Asteroids\main.cpp(998,87): warning C4244:         [
D:\Game230\Asteroids\Asteroids\Asteroids\main.cpp(998,87): warning C4244:             T=float
D:\Game230\Asteroids\Asteroids\Asteroids\main.cpp(998,87): warning C4244:         ]
D:\Game230\Asteroids\Asteroids\Asteroids\main.cpp(998,62): warning C4244:  “参数”: 从“double”转换到“T”，可能丢失数据
D:\Game230\Asteroids\Asteroids\Asteroids\main.cpp(998,62): warning C4244:         with
D:\Game230\Asteroids\Asteroids\Asteroids\main.cpp(998,62): warning C4244:         [
D:\Game230\Asteroids\Asteroids\Asteroids\main.cpp(998,62): warning C4244:             T=float
D:\Game230\Asteroids\Asteroids\Asteroids\main.cpp(998,62): warning C4244:         ]
D:\Game230\Asteroids\Asteroids\Asteroids\main.cpp(1017,86): warning C4244:  “参数”: 从“double”转换到“T”，可能丢失数据
D:\Game230\Asteroids\Asteroids\Asteroids\main.cpp(1017,86): warning C4244:         with
D:\Game230\Asteroids\Asteroids\Asteroids\main.cpp(1017,86): warning C4244:         [
D:\Game230\Asteroids\Asteroids\Asteroids\main.cpp(1017,86): warning C4244:             T=float
D:\Game230\Asteroids\Asteroids\Asteroids\main.cpp(1017,86): warning C4244:         ]
D:\Game230\Asteroids\Asteroids\Asteroids\main.cpp(1017,61): warning C4244:  “参数”: 从“double”转换到“T”，可能丢失数据
D:\Game230\Asteroids\Asteroids\Asteroids\main.cpp(1017,61): warning C4244:         with
D:\Game230\Asteroids\Asteroids\Asteroids\main.cpp(1017,61): warning C4244:         [
D:\Game230\Asteroids\Asteroids\Asteroids\main.cpp(1017,61): warning C4244:             T=float
D:\Game230\Asteroids\Asteroids\Asteroids\main.cpp(1017,61): warning C4244:         ]
D:\Game230\Asteroids\Asteroids\Asteroids\main.cpp(1032,87): warning C4244:  “参数”: 从“double”转换到“T”，可能丢失数据
D:\Game230\Asteroids\Asteroids\Asteroids\main.cpp(1032,87): warning C4244:         with
D:\Game230\Asteroids\Asteroids\Asteroids\main.cpp(1032,87): warning C4244:         [
D:\Game230\Asteroids\Asteroids\Asteroids\main.cpp(1032,87): warning C4244:             T=float
D:\Game230\Asteroids\Asteroids\Asteroids\main.cpp(1032,87): warning C4244:         ]
D:\Game230\Asteroids\Asteroids\Asteroids\main.cpp(1032,62): warning C4244:  “参数”: 从“double”转换到“T”，可能丢失数据
D:\Game230\Asteroids\Asteroids\Asteroids\main.cpp(1032,62): warning C4244:         with
D:\Game230\Asteroids\Asteroids\Asteroids\main.cpp(1032,62): warning C4244:         [
D:\Game230\Asteroids\Asteroids\Asteroids\main.cpp(1032,62): warning C4244:             T=float
D:\Game230\Asteroids\Asteroids\Asteroids\main.cpp(1032,62): warning C4244:         ]
D:\Game230\Asteroids\Asteroids\Asteroids\main.cpp(1048,30): warning C4018:  “<”: 有符号/无符号不匹配
D:\Game230\Asteroids\Asteroids\Asteroids\main.cpp(1075,84): warning C4244:  “参数”: 从“double”转换到“T”，可能丢失数据
D:\Game230\Asteroids\Asteroids\Asteroids\main.cpp(1075,84): warning C4244:         with
D:\Game230\Asteroids\Asteroids\Asteroids\main.cpp(1075,84): warning C4244:         [
D:\Game230\Asteroids\Asteroids\Asteroids\main.cpp(1075,84): warning C4244:             T=float
D:\Game230\Asteroids\Asteroids\Asteroids\main.cpp(1075,84): warning C4244:         ]
D:\Game230\Asteroids\Asteroids\Asteroids\main.cpp(1075,59): warning C4244:  “参数”: 从“double”转换到“T”，可能丢失数据
D:\Game230\Asteroids\Asteroids\Asteroids\main.cpp(1075,59): warning C4244:         with
D:\Game230\Asteroids\Asteroids\Asteroids\main.cpp(1075,59): warning C4244:         [
D:\Game230\Asteroids\Asteroids\Asteroids\main.cpp(1075,59): warning C4244:             T=float
D:\Game230\Asteroids\Asteroids\Asteroids\main.cpp(1075,59): warning C4244:         ]
D:\Game230\Asteroids\Asteroids\Asteroids\main.cpp(1088,85): warning C4244:  “参数”: 从“double”转换到“T”，可能丢失数据
D:\Game230\Asteroids\Asteroids\Asteroids\main.cpp(1088,85): warning C4244:         with
D:\Game230\Asteroids\Asteroids\Asteroids\main.cpp(1088,85): warning C4244:         [
D:\Game230\Asteroids\Asteroids\Asteroids\main.cpp(1088,85): warning C4244:             T=float
D:\Game230\Asteroids\Asteroids\Asteroids\main.cpp(1088,85): warning C4244:         ]
D:\Game230\Asteroids\Asteroids\Asteroids\main.cpp(1088,60): warning C4244:  “参数”: 从“double”转换到“T”，可能丢失数据
D:\Game230\Asteroids\Asteroids\Asteroids\main.cpp(1088,60): warning C4244:         with
D:\Game230\Asteroids\Asteroids\Asteroids\main.cpp(1088,60): warning C4244:         [
D:\Game230\Asteroids\Asteroids\Asteroids\main.cpp(1088,60): warning C4244:             T=float
D:\Game230\Asteroids\Asteroids\Asteroids\main.cpp(1088,60): warning C4244:         ]
D:\Game230\Asteroids\Asteroids\Asteroids\main.cpp(1105,84): warning C4244:  “参数”: 从“double”转换到“T”，可能丢失数据
D:\Game230\Asteroids\Asteroids\Asteroids\main.cpp(1105,84): warning C4244:         with
D:\Game230\Asteroids\Asteroids\Asteroids\main.cpp(1105,84): warning C4244:         [
D:\Game230\Asteroids\Asteroids\Asteroids\main.cpp(1105,84): warning C4244:             T=float
D:\Game230\Asteroids\Asteroids\Asteroids\main.cpp(1105,84): warning C4244:         ]
D:\Game230\Asteroids\Asteroids\Asteroids\main.cpp(1105,59): warning C4244:  “参数”: 从“double”转换到“T”，可能丢失数据
D:\Game230\Asteroids\Asteroids\Asteroids\main.cpp(1105,59): warning C4244:         with
D:\Game230\Asteroids\Asteroids\Asteroids\main.cpp(1105,59): warning C4244:         [
D:\Game230\Asteroids\Asteroids\Asteroids\main.cpp(1105,59): warning C4244:             T=float
D:\Game230\Asteroids\Asteroids\Asteroids\main.cpp(1105,59): warning C4244:         ]
D:\Game230\Asteroids\Asteroids\Asteroids\main.cpp(1118,85): warning C4244:  “参数”: 从“double”转换到“T”，可能丢失数据
D:\Game230\Asteroids\Asteroids\Asteroids\main.cpp(1118,85): warning C4244:         with
D:\Game230\Asteroids\Asteroids\Asteroids\main.cpp(1118,85): warning C4244:         [
D:\Game230\Asteroids\Asteroids\Asteroids\main.cpp(1118,85): warning C4244:             T=float
D:\Game230\Asteroids\Asteroids\Asteroids\main.cpp(1118,85): warning C4244:         ]
D:\Game230\Asteroids\Asteroids\Asteroids\main.cpp(1118,60): warning C4244:  “参数”: 从“double”转换到“T”，可能丢失数据
D:\Game230\Asteroids\Asteroids\Asteroids\main.cpp(1118,60): warning C4244:         with
D:\Game230\Asteroids\Asteroids\Asteroids\main.cpp(1118,60): warning C4244:         [
D:\Game230\Asteroids\Asteroids\Asteroids\main.cpp(1118,60): warning C4244:             T=float
D:\Game230\Asteroids\Asteroids\Asteroids\main.cpp(1118,60): warning C4244:         ]
D:\Game230\Asteroids\Asteroids\Asteroids\main.cpp(1134,25): warning C4018:  “<”: 有符号/无符号不匹配
D:\Game230\Asteroids\Asteroids\Asteroids\main.cpp(1140,25): warning C4018:  “<”: 有符号/无符号不匹配
D:\Game230\Asteroids\Asteroids\Asteroids\main.cpp(1147,26): warning C4018:  “<”: 有符号/无符号不匹配
D:\Game230\Asteroids\Asteroids\Asteroids\main.cpp(1151,25): warning C4018:  “<”: 有符号/无符号不匹配
D:\Game230\Asteroids\Asteroids\Asteroids\main.cpp(1156,25): warning C4018:  “<”: 有符号/无符号不匹配
D:\Game230\Asteroids\Asteroids\Asteroids\main.cpp(1168,26): warning C4018:  “<”: 有符号/无符号不匹配
D:\Game230\Asteroids\Asteroids\Asteroids\main.cpp(1197,74): warning C4244:  “参数”: 从“double”转换到“T”，可能丢失数据
D:\Game230\Asteroids\Asteroids\Asteroids\main.cpp(1197,74): warning C4244:         with
D:\Game230\Asteroids\Asteroids\Asteroids\main.cpp(1197,74): warning C4244:         [
D:\Game230\Asteroids\Asteroids\Asteroids\main.cpp(1197,74): warning C4244:             T=float
D:\Game230\Asteroids\Asteroids\Asteroids\main.cpp(1197,74): warning C4244:         ]
D:\Game230\Asteroids\Asteroids\Asteroids\main.cpp(1197,49): warning C4244:  “参数”: 从“double”转换到“T”，可能丢失数据
D:\Game230\Asteroids\Asteroids\Asteroids\main.cpp(1197,49): warning C4244:         with
D:\Game230\Asteroids\Asteroids\Asteroids\main.cpp(1197,49): warning C4244:         [
D:\Game230\Asteroids\Asteroids\Asteroids\main.cpp(1197,49): warning C4244:             T=float
D:\Game230\Asteroids\Asteroids\Asteroids\main.cpp(1197,49): warning C4244:         ]
D:\Game230\Asteroids\Asteroids\Asteroids\main.cpp(1209,75): warning C4244:  “参数”: 从“double”转换到“T”，可能丢失数据
D:\Game230\Asteroids\Asteroids\Asteroids\main.cpp(1209,75): warning C4244:         with
D:\Game230\Asteroids\Asteroids\Asteroids\main.cpp(1209,75): warning C4244:         [
D:\Game230\Asteroids\Asteroids\Asteroids\main.cpp(1209,75): warning C4244:             T=float
D:\Game230\Asteroids\Asteroids\Asteroids\main.cpp(1209,75): warning C4244:         ]
D:\Game230\Asteroids\Asteroids\Asteroids\main.cpp(1209,50): warning C4244:  “参数”: 从“double”转换到“T”，可能丢失数据
D:\Game230\Asteroids\Asteroids\Asteroids\main.cpp(1209,50): warning C4244:         with
D:\Game230\Asteroids\Asteroids\Asteroids\main.cpp(1209,50): warning C4244:         [
D:\Game230\Asteroids\Asteroids\Asteroids\main.cpp(1209,50): warning C4244:             T=float
D:\Game230\Asteroids\Asteroids\Asteroids\main.cpp(1209,50): warning C4244:         ]
D:\Game230\Asteroids\Asteroids\Asteroids\main.cpp(1222,75): warning C4244:  “参数”: 从“double”转换到“T”，可能丢失数据
D:\Game230\Asteroids\Asteroids\Asteroids\main.cpp(1222,75): warning C4244:         with
D:\Game230\Asteroids\Asteroids\Asteroids\main.cpp(1222,75): warning C4244:         [
D:\Game230\Asteroids\Asteroids\Asteroids\main.cpp(1222,75): warning C4244:             T=float
D:\Game230\Asteroids\Asteroids\Asteroids\main.cpp(1222,75): warning C4244:         ]
D:\Game230\Asteroids\Asteroids\Asteroids\main.cpp(1222,50): warning C4244:  “参数”: 从“double”转换到“T”，可能丢失数据
D:\Game230\Asteroids\Asteroids\Asteroids\main.cpp(1222,50): warning C4244:         with
D:\Game230\Asteroids\Asteroids\Asteroids\main.cpp(1222,50): warning C4244:         [
D:\Game230\Asteroids\Asteroids\Asteroids\main.cpp(1222,50): warning C4244:             T=float
D:\Game230\Asteroids\Asteroids\Asteroids\main.cpp(1222,50): warning C4244:         ]
D:\Game230\Asteroids\Asteroids\Asteroids\main.cpp(1234,75): warning C4244:  “参数”: 从“double”转换到“T”，可能丢失数据
D:\Game230\Asteroids\Asteroids\Asteroids\main.cpp(1234,75): warning C4244:         with
D:\Game230\Asteroids\Asteroids\Asteroids\main.cpp(1234,75): warning C4244:         [
D:\Game230\Asteroids\Asteroids\Asteroids\main.cpp(1234,75): warning C4244:             T=float
D:\Game230\Asteroids\Asteroids\Asteroids\main.cpp(1234,75): warning C4244:         ]
D:\Game230\Asteroids\Asteroids\Asteroids\main.cpp(1234,50): warning C4244:  “参数”: 从“double”转换到“T”，可能丢失数据
D:\Game230\Asteroids\Asteroids\Asteroids\main.cpp(1234,50): warning C4244:         with
D:\Game230\Asteroids\Asteroids\Asteroids\main.cpp(1234,50): warning C4244:         [
D:\Game230\Asteroids\Asteroids\Asteroids\main.cpp(1234,50): warning C4244:             T=float
D:\Game230\Asteroids\Asteroids\Asteroids\main.cpp(1234,50): warning C4244:         ]
D:\Game230\Asteroids\Asteroids\Asteroids\main.cpp(1246,75): warning C4244:  “参数”: 从“double”转换到“T”，可能丢失数据
D:\Game230\Asteroids\Asteroids\Asteroids\main.cpp(1246,75): warning C4244:         with
D:\Game230\Asteroids\Asteroids\Asteroids\main.cpp(1246,75): warning C4244:         [
D:\Game230\Asteroids\Asteroids\Asteroids\main.cpp(1246,75): warning C4244:             T=float
D:\Game230\Asteroids\Asteroids\Asteroids\main.cpp(1246,75): warning C4244:         ]
D:\Game230\Asteroids\Asteroids\Asteroids\main.cpp(1246,50): warning C4244:  “参数”: 从“double”转换到“T”，可能丢失数据
D:\Game230\Asteroids\Asteroids\Asteroids\main.cpp(1246,50): warning C4244:         with
D:\Game230\Asteroids\Asteroids\Asteroids\main.cpp(1246,50): warning C4244:         [
D:\Game230\Asteroids\Asteroids\Asteroids\main.cpp(1246,50): warning C4244:             T=float
D:\Game230\Asteroids\Asteroids\Asteroids\main.cpp(1246,50): warning C4244:         ]
D:\Game230\Asteroids\Asteroids\Asteroids\main.cpp(1294,85): warning C4244:  “参数”: 从“T”转换到“float”，可能丢失数据
D:\Game230\Asteroids\Asteroids\Asteroids\main.cpp(1294,85): warning C4244:         with
D:\Game230\Asteroids\Asteroids\Asteroids\main.cpp(1294,85): warning C4244:         [
D:\Game230\Asteroids\Asteroids\Asteroids\main.cpp(1294,85): warning C4244:             T=int
D:\Game230\Asteroids\Asteroids\Asteroids\main.cpp(1294,85): warning C4244:         ]
D:\Game230\Asteroids\Asteroids\Asteroids\main.cpp(1294,51): warning C4244:  “参数”: 从“T”转换到“float”，可能丢失数据
D:\Game230\Asteroids\Asteroids\Asteroids\main.cpp(1294,51): warning C4244:         with
D:\Game230\Asteroids\Asteroids\Asteroids\main.cpp(1294,51): warning C4244:         [
D:\Game230\Asteroids\Asteroids\Asteroids\main.cpp(1294,51): warning C4244:             T=int
D:\Game230\Asteroids\Asteroids\Asteroids\main.cpp(1294,51): warning C4244:         ]
D:\Game230\Asteroids\Asteroids\Asteroids\main.cpp(1325,94): warning C4244:  “参数”: 从“T”转换到“float”，可能丢失数据
D:\Game230\Asteroids\Asteroids\Asteroids\main.cpp(1325,94): warning C4244:         with
D:\Game230\Asteroids\Asteroids\Asteroids\main.cpp(1325,94): warning C4244:         [
D:\Game230\Asteroids\Asteroids\Asteroids\main.cpp(1325,94): warning C4244:             T=int
D:\Game230\Asteroids\Asteroids\Asteroids\main.cpp(1325,94): warning C4244:         ]
D:\Game230\Asteroids\Asteroids\Asteroids\main.cpp(1325,60): warning C4244:  “参数”: 从“T”转换到“float”，可能丢失数据
D:\Game230\Asteroids\Asteroids\Asteroids\main.cpp(1325,60): warning C4244:         with
D:\Game230\Asteroids\Asteroids\Asteroids\main.cpp(1325,60): warning C4244:         [
D:\Game230\Asteroids\Asteroids\Asteroids\main.cpp(1325,60): warning C4244:             T=int
D:\Game230\Asteroids\Asteroids\Asteroids\main.cpp(1325,60): warning C4244:         ]
D:\Game230\Asteroids\Asteroids\Asteroids\main.cpp(1327,26): warning C4018:  “<”: 有符号/无符号不匹配
D:\Game230\Asteroids\Asteroids\Asteroids\main.cpp(1364,25): warning C4018:  “<”: 有符号/无符号不匹配
D:\Game230\Asteroids\Asteroids\Asteroids\main.cpp(1406,25): warning C4018:  “<”: 有符号/无符号不匹配
D:\Game230\Asteroids\Asteroids\Asteroids\main.cpp(1450,28): warning C4018:  “<”: 有符号/无符号不匹配
D:\Game230\Asteroids\Asteroids\Asteroids\main.cpp(1452,30): warning C4018:  “<”: 有符号/无符号不匹配
D:\Game230\Asteroids\Asteroids\Asteroids\main.cpp(1472,86): warning C4244:  “参数”: 从“double”转换到“T”，可能丢失数据
D:\Game230\Asteroids\Asteroids\Asteroids\main.cpp(1472,86): warning C4244:         with
D:\Game230\Asteroids\Asteroids\Asteroids\main.cpp(1472,86): warning C4244:         [
D:\Game230\Asteroids\Asteroids\Asteroids\main.cpp(1472,86): warning C4244:             T=float
D:\Game230\Asteroids\Asteroids\Asteroids\main.cpp(1472,86): warning C4244:         ]
D:\Game230\Asteroids\Asteroids\Asteroids\main.cpp(1472,61): warning C4244:  “参数”: 从“double”转换到“T”，可能丢失数据
D:\Game230\Asteroids\Asteroids\Asteroids\main.cpp(1472,61): warning C4244:         with
D:\Game230\Asteroids\Asteroids\Asteroids\main.cpp(1472,61): warning C4244:         [
D:\Game230\Asteroids\Asteroids\Asteroids\main.cpp(1472,61): warning C4244:             T=float
D:\Game230\Asteroids\Asteroids\Asteroids\main.cpp(1472,61): warning C4244:         ]
D:\Game230\Asteroids\Asteroids\Asteroids\main.cpp(1485,87): warning C4244:  “参数”: 从“double”转换到“T”，可能丢失数据
D:\Game230\Asteroids\Asteroids\Asteroids\main.cpp(1485,87): warning C4244:         with
D:\Game230\Asteroids\Asteroids\Asteroids\main.cpp(1485,87): warning C4244:         [
D:\Game230\Asteroids\Asteroids\Asteroids\main.cpp(1485,87): warning C4244:             T=float
D:\Game230\Asteroids\Asteroids\Asteroids\main.cpp(1485,87): warning C4244:         ]
D:\Game230\Asteroids\Asteroids\Asteroids\main.cpp(1485,62): warning C4244:  “参数”: 从“double”转换到“T”，可能丢失数据
D:\Game230\Asteroids\Asteroids\Asteroids\main.cpp(1485,62): warning C4244:         with
D:\Game230\Asteroids\Asteroids\Asteroids\main.cpp(1485,62): warning C4244:         [
D:\Game230\Asteroids\Asteroids\Asteroids\main.cpp(1485,62): warning C4244:             T=float
D:\Game230\Asteroids\Asteroids\Asteroids\main.cpp(1485,62): warning C4244:         ]
D:\Game230\Asteroids\Asteroids\Asteroids\main.cpp(1504,86): warning C4244:  “参数”: 从“double”转换到“T”，可能丢失数据
D:\Game230\Asteroids\Asteroids\Asteroids\main.cpp(1504,86): warning C4244:         with
D:\Game230\Asteroids\Asteroids\Asteroids\main.cpp(1504,86): warning C4244:         [
D:\Game230\Asteroids\Asteroids\Asteroids\main.cpp(1504,86): warning C4244:             T=float
D:\Game230\Asteroids\Asteroids\Asteroids\main.cpp(1504,86): warning C4244:         ]
D:\Game230\Asteroids\Asteroids\Asteroids\main.cpp(1504,61): warning C4244:  “参数”: 从“double”转换到“T”，可能丢失数据
D:\Game230\Asteroids\Asteroids\Asteroids\main.cpp(1504,61): warning C4244:         with
D:\Game230\Asteroids\Asteroids\Asteroids\main.cpp(1504,61): warning C4244:         [
D:\Game230\Asteroids\Asteroids\Asteroids\main.cpp(1504,61): warning C4244:             T=float
D:\Game230\Asteroids\Asteroids\Asteroids\main.cpp(1504,61): warning C4244:         ]
D:\Game230\Asteroids\Asteroids\Asteroids\main.cpp(1519,87): warning C4244:  “参数”: 从“double”转换到“T”，可能丢失数据
D:\Game230\Asteroids\Asteroids\Asteroids\main.cpp(1519,87): warning C4244:         with
D:\Game230\Asteroids\Asteroids\Asteroids\main.cpp(1519,87): warning C4244:         [
D:\Game230\Asteroids\Asteroids\Asteroids\main.cpp(1519,87): warning C4244:             T=float
D:\Game230\Asteroids\Asteroids\Asteroids\main.cpp(1519,87): warning C4244:         ]
D:\Game230\Asteroids\Asteroids\Asteroids\main.cpp(1519,62): warning C4244:  “参数”: 从“double”转换到“T”，可能丢失数据
D:\Game230\Asteroids\Asteroids\Asteroids\main.cpp(1519,62): warning C4244:         with
D:\Game230\Asteroids\Asteroids\Asteroids\main.cpp(1519,62): warning C4244:         [
D:\Game230\Asteroids\Asteroids\Asteroids\main.cpp(1519,62): warning C4244:             T=float
D:\Game230\Asteroids\Asteroids\Asteroids\main.cpp(1519,62): warning C4244:         ]
D:\Game230\Asteroids\Asteroids\Asteroids\main.cpp(1534,30): warning C4018:  “<”: 有符号/无符号不匹配
D:\Game230\Asteroids\Asteroids\Asteroids\main.cpp(1561,84): warning C4244:  “参数”: 从“double”转换到“T”，可能丢失数据
D:\Game230\Asteroids\Asteroids\Asteroids\main.cpp(1561,84): warning C4244:         with
D:\Game230\Asteroids\Asteroids\Asteroids\main.cpp(1561,84): warning C4244:         [
D:\Game230\Asteroids\Asteroids\Asteroids\main.cpp(1561,84): warning C4244:             T=float
D:\Game230\Asteroids\Asteroids\Asteroids\main.cpp(1561,84): warning C4244:         ]
D:\Game230\Asteroids\Asteroids\Asteroids\main.cpp(1561,59): warning C4244:  “参数”: 从“double”转换到“T”，可能丢失数据
D:\Game230\Asteroids\Asteroids\Asteroids\main.cpp(1561,59): warning C4244:         with
D:\Game230\Asteroids\Asteroids\Asteroids\main.cpp(1561,59): warning C4244:         [
D:\Game230\Asteroids\Asteroids\Asteroids\main.cpp(1561,59): warning C4244:             T=float
D:\Game230\Asteroids\Asteroids\Asteroids\main.cpp(1561,59): warning C4244:         ]
D:\Game230\Asteroids\Asteroids\Asteroids\main.cpp(1574,85): warning C4244:  “参数”: 从“double”转换到“T”，可能丢失数据
D:\Game230\Asteroids\Asteroids\Asteroids\main.cpp(1574,85): warning C4244:         with
D:\Game230\Asteroids\Asteroids\Asteroids\main.cpp(1574,85): warning C4244:         [
D:\Game230\Asteroids\Asteroids\Asteroids\main.cpp(1574,85): warning C4244:             T=float
D:\Game230\Asteroids\Asteroids\Asteroids\main.cpp(1574,85): warning C4244:         ]
D:\Game230\Asteroids\Asteroids\Asteroids\main.cpp(1574,60): warning C4244:  “参数”: 从“double”转换到“T”，可能丢失数据
D:\Game230\Asteroids\Asteroids\Asteroids\main.cpp(1574,60): warning C4244:         with
D:\Game230\Asteroids\Asteroids\Asteroids\main.cpp(1574,60): warning C4244:         [
D:\Game230\Asteroids\Asteroids\Asteroids\main.cpp(1574,60): warning C4244:             T=float
D:\Game230\Asteroids\Asteroids\Asteroids\main.cpp(1574,60): warning C4244:         ]
D:\Game230\Asteroids\Asteroids\Asteroids\main.cpp(1591,84): warning C4244:  “参数”: 从“double”转换到“T”，可能丢失数据
D:\Game230\Asteroids\Asteroids\Asteroids\main.cpp(1591,84): warning C4244:         with
D:\Game230\Asteroids\Asteroids\Asteroids\main.cpp(1591,84): warning C4244:         [
D:\Game230\Asteroids\Asteroids\Asteroids\main.cpp(1591,84): warning C4244:             T=float
D:\Game230\Asteroids\Asteroids\Asteroids\main.cpp(1591,84): warning C4244:         ]
D:\Game230\Asteroids\Asteroids\Asteroids\main.cpp(1591,59): warning C4244:  “参数”: 从“double”转换到“T”，可能丢失数据
D:\Game230\Asteroids\Asteroids\Asteroids\main.cpp(1591,59): warning C4244:         with
D:\Game230\Asteroids\Asteroids\Asteroids\main.cpp(1591,59): warning C4244:         [
D:\Game230\Asteroids\Asteroids\Asteroids\main.cpp(1591,59): warning C4244:             T=float
D:\Game230\Asteroids\Asteroids\Asteroids\main.cpp(1591,59): warning C4244:         ]
D:\Game230\Asteroids\Asteroids\Asteroids\main.cpp(1604,85): warning C4244:  “参数”: 从“double”转换到“T”，可能丢失数据
D:\Game230\Asteroids\Asteroids\Asteroids\main.cpp(1604,85): warning C4244:         with
D:\Game230\Asteroids\Asteroids\Asteroids\main.cpp(1604,85): warning C4244:         [
D:\Game230\Asteroids\Asteroids\Asteroids\main.cpp(1604,85): warning C4244:             T=float
D:\Game230\Asteroids\Asteroids\Asteroids\main.cpp(1604,85): warning C4244:         ]
D:\Game230\Asteroids\Asteroids\Asteroids\main.cpp(1604,60): warning C4244:  “参数”: 从“double”转换到“T”，可能丢失数据
D:\Game230\Asteroids\Asteroids\Asteroids\main.cpp(1604,60): warning C4244:         with
D:\Game230\Asteroids\Asteroids\Asteroids\main.cpp(1604,60): warning C4244:         [
D:\Game230\Asteroids\Asteroids\Asteroids\main.cpp(1604,60): warning C4244:             T=float
D:\Game230\Asteroids\Asteroids\Asteroids\main.cpp(1604,60): warning C4244:         ]
D:\Game230\Asteroids\Asteroids\Asteroids\main.cpp(1620,25): warning C4018:  “<”: 有符号/无符号不匹配
D:\Game230\Asteroids\Asteroids\Asteroids\main.cpp(1626,25): warning C4018:  “<”: 有符号/无符号不匹配
D:\Game230\Asteroids\Asteroids\Asteroids\main.cpp(1634,26): warning C4018:  “<”: 有符号/无符号不匹配
D:\Game230\Asteroids\Asteroids\Asteroids\main.cpp(1638,25): warning C4018:  “<”: 有符号/无符号不匹配
D:\Game230\Asteroids\Asteroids\Asteroids\main.cpp(1643,25): warning C4018:  “<”: 有符号/无符号不匹配
D:\Game230\Asteroids\Asteroids\Asteroids\main.cpp(1655,26): warning C4018:  “<”: 有符号/无符号不匹配
D:\Game230\Asteroids\Asteroids\Asteroids\main.cpp(1684,74): warning C4244:  “参数”: 从“double”转换到“T”，可能丢失数据
D:\Game230\Asteroids\Asteroids\Asteroids\main.cpp(1684,74): warning C4244:         with
D:\Game230\Asteroids\Asteroids\Asteroids\main.cpp(1684,74): warning C4244:         [
D:\Game230\Asteroids\Asteroids\Asteroids\main.cpp(1684,74): warning C4244:             T=float
D:\Game230\Asteroids\Asteroids\Asteroids\main.cpp(1684,74): warning C4244:         ]
D:\Game230\Asteroids\Asteroids\Asteroids\main.cpp(1684,49): warning C4244:  “参数”: 从“double”转换到“T”，可能丢失数据
D:\Game230\Asteroids\Asteroids\Asteroids\main.cpp(1684,49): warning C4244:         with
D:\Game230\Asteroids\Asteroids\Asteroids\main.cpp(1684,49): warning C4244:         [
D:\Game230\Asteroids\Asteroids\Asteroids\main.cpp(1684,49): warning C4244:             T=float
D:\Game230\Asteroids\Asteroids\Asteroids\main.cpp(1684,49): warning C4244:         ]
D:\Game230\Asteroids\Asteroids\Asteroids\main.cpp(1696,75): warning C4244:  “参数”: 从“double”转换到“T”，可能丢失数据
D:\Game230\Asteroids\Asteroids\Asteroids\main.cpp(1696,75): warning C4244:         with
D:\Game230\Asteroids\Asteroids\Asteroids\main.cpp(1696,75): warning C4244:         [
D:\Game230\Asteroids\Asteroids\Asteroids\main.cpp(1696,75): warning C4244:             T=float
D:\Game230\Asteroids\Asteroids\Asteroids\main.cpp(1696,75): warning C4244:         ]
D:\Game230\Asteroids\Asteroids\Asteroids\main.cpp(1696,50): warning C4244:  “参数”: 从“double”转换到“T”，可能丢失数据
D:\Game230\Asteroids\Asteroids\Asteroids\main.cpp(1696,50): warning C4244:         with
D:\Game230\Asteroids\Asteroids\Asteroids\main.cpp(1696,50): warning C4244:         [
D:\Game230\Asteroids\Asteroids\Asteroids\main.cpp(1696,50): warning C4244:             T=float
D:\Game230\Asteroids\Asteroids\Asteroids\main.cpp(1696,50): warning C4244:         ]
D:\Game230\Asteroids\Asteroids\Asteroids\main.cpp(1709,75): warning C4244:  “参数”: 从“double”转换到“T”，可能丢失数据
D:\Game230\Asteroids\Asteroids\Asteroids\main.cpp(1709,75): warning C4244:         with
D:\Game230\Asteroids\Asteroids\Asteroids\main.cpp(1709,75): warning C4244:         [
D:\Game230\Asteroids\Asteroids\Asteroids\main.cpp(1709,75): warning C4244:             T=float
D:\Game230\Asteroids\Asteroids\Asteroids\main.cpp(1709,75): warning C4244:         ]
D:\Game230\Asteroids\Asteroids\Asteroids\main.cpp(1709,50): warning C4244:  “参数”: 从“double”转换到“T”，可能丢失数据
D:\Game230\Asteroids\Asteroids\Asteroids\main.cpp(1709,50): warning C4244:         with
D:\Game230\Asteroids\Asteroids\Asteroids\main.cpp(1709,50): warning C4244:         [
D:\Game230\Asteroids\Asteroids\Asteroids\main.cpp(1709,50): warning C4244:             T=float
D:\Game230\Asteroids\Asteroids\Asteroids\main.cpp(1709,50): warning C4244:         ]
D:\Game230\Asteroids\Asteroids\Asteroids\main.cpp(1721,75): warning C4244:  “参数”: 从“double”转换到“T”，可能丢失数据
D:\Game230\Asteroids\Asteroids\Asteroids\main.cpp(1721,75): warning C4244:         with
D:\Game230\Asteroids\Asteroids\Asteroids\main.cpp(1721,75): warning C4244:         [
D:\Game230\Asteroids\Asteroids\Asteroids\main.cpp(1721,75): warning C4244:             T=float
D:\Game230\Asteroids\Asteroids\Asteroids\main.cpp(1721,75): warning C4244:         ]
D:\Game230\Asteroids\Asteroids\Asteroids\main.cpp(1721,50): warning C4244:  “参数”: 从“double”转换到“T”，可能丢失数据
D:\Game230\Asteroids\Asteroids\Asteroids\main.cpp(1721,50): warning C4244:         with
D:\Game230\Asteroids\Asteroids\Asteroids\main.cpp(1721,50): warning C4244:         [
D:\Game230\Asteroids\Asteroids\Asteroids\main.cpp(1721,50): warning C4244:             T=float
D:\Game230\Asteroids\Asteroids\Asteroids\main.cpp(1721,50): warning C4244:         ]
D:\Game230\Asteroids\Asteroids\Asteroids\main.cpp(1733,75): warning C4244:  “参数”: 从“double”转换到“T”，可能丢失数据
D:\Game230\Asteroids\Asteroids\Asteroids\main.cpp(1733,75): warning C4244:         with
D:\Game230\Asteroids\Asteroids\Asteroids\main.cpp(1733,75): warning C4244:         [
D:\Game230\Asteroids\Asteroids\Asteroids\main.cpp(1733,75): warning C4244:             T=float
D:\Game230\Asteroids\Asteroids\Asteroids\main.cpp(1733,75): warning C4244:         ]
D:\Game230\Asteroids\Asteroids\Asteroids\main.cpp(1733,50): warning C4244:  “参数”: 从“double”转换到“T”，可能丢失数据
D:\Game230\Asteroids\Asteroids\Asteroids\main.cpp(1733,50): warning C4244:         with
D:\Game230\Asteroids\Asteroids\Asteroids\main.cpp(1733,50): warning C4244:         [
D:\Game230\Asteroids\Asteroids\Asteroids\main.cpp(1733,50): warning C4244:             T=float
D:\Game230\Asteroids\Asteroids\Asteroids\main.cpp(1733,50): warning C4244:         ]
D:\Game230\Asteroids\Asteroids\Asteroids\main.cpp(1745,75): warning C4244:  “参数”: 从“double”转换到“T”，可能丢失数据
D:\Game230\Asteroids\Asteroids\Asteroids\main.cpp(1745,75): warning C4244:         with
D:\Game230\Asteroids\Asteroids\Asteroids\main.cpp(1745,75): warning C4244:         [
D:\Game230\Asteroids\Asteroids\Asteroids\main.cpp(1745,75): warning C4244:             T=float
D:\Game230\Asteroids\Asteroids\Asteroids\main.cpp(1745,75): warning C4244:         ]
D:\Game230\Asteroids\Asteroids\Asteroids\main.cpp(1745,50): warning C4244:  “参数”: 从“double”转换到“T”，可能丢失数据
D:\Game230\Asteroids\Asteroids\Asteroids\main.cpp(1745,50): warning C4244:         with
D:\Game230\Asteroids\Asteroids\Asteroids\main.cpp(1745,50): warning C4244:         [
D:\Game230\Asteroids\Asteroids\Asteroids\main.cpp(1745,50): warning C4244:             T=float
D:\Game230\Asteroids\Asteroids\Asteroids\main.cpp(1745,50): warning C4244:         ]
D:\Game230\Asteroids\Asteroids\Asteroids\main.cpp(1793,85): warning C4244:  “参数”: 从“T”转换到“float”，可能丢失数据
D:\Game230\Asteroids\Asteroids\Asteroids\main.cpp(1793,85): warning C4244:         with
D:\Game230\Asteroids\Asteroids\Asteroids\main.cpp(1793,85): warning C4244:         [
D:\Game230\Asteroids\Asteroids\Asteroids\main.cpp(1793,85): warning C4244:             T=int
D:\Game230\Asteroids\Asteroids\Asteroids\main.cpp(1793,85): warning C4244:         ]
D:\Game230\Asteroids\Asteroids\Asteroids\main.cpp(1793,51): warning C4244:  “参数”: 从“T”转换到“float”，可能丢失数据
D:\Game230\Asteroids\Asteroids\Asteroids\main.cpp(1793,51): warning C4244:         with
D:\Game230\Asteroids\Asteroids\Asteroids\main.cpp(1793,51): warning C4244:         [
D:\Game230\Asteroids\Asteroids\Asteroids\main.cpp(1793,51): warning C4244:             T=int
D:\Game230\Asteroids\Asteroids\Asteroids\main.cpp(1793,51): warning C4244:         ]
D:\Game230\Asteroids\Asteroids\Asteroids\main.cpp(1824,94): warning C4244:  “参数”: 从“T”转换到“float”，可能丢失数据
D:\Game230\Asteroids\Asteroids\Asteroids\main.cpp(1824,94): warning C4244:         with
D:\Game230\Asteroids\Asteroids\Asteroids\main.cpp(1824,94): warning C4244:         [
D:\Game230\Asteroids\Asteroids\Asteroids\main.cpp(1824,94): warning C4244:             T=int
D:\Game230\Asteroids\Asteroids\Asteroids\main.cpp(1824,94): warning C4244:         ]
D:\Game230\Asteroids\Asteroids\Asteroids\main.cpp(1824,60): warning C4244:  “参数”: 从“T”转换到“float”，可能丢失数据
D:\Game230\Asteroids\Asteroids\Asteroids\main.cpp(1824,60): warning C4244:         with
D:\Game230\Asteroids\Asteroids\Asteroids\main.cpp(1824,60): warning C4244:         [
D:\Game230\Asteroids\Asteroids\Asteroids\main.cpp(1824,60): warning C4244:             T=int
D:\Game230\Asteroids\Asteroids\Asteroids\main.cpp(1824,60): warning C4244:         ]
D:\Game230\Asteroids\Asteroids\Asteroids\main.cpp(1826,26): warning C4018:  “<”: 有符号/无符号不匹配
D:\Game230\Asteroids\Asteroids\Asteroids\main.cpp(1863,25): warning C4018:  “<”: 有符号/无符号不匹配
D:\Game230\Asteroids\Asteroids\Asteroids\main.cpp(1905,25): warning C4018:  “<”: 有符号/无符号不匹配
D:\Game230\Asteroids\Asteroids\Asteroids\main.cpp(1949,28): warning C4018:  “<”: 有符号/无符号不匹配
D:\Game230\Asteroids\Asteroids\Asteroids\main.cpp(1951,30): warning C4018:  “<”: 有符号/无符号不匹配
D:\Game230\Asteroids\Asteroids\Asteroids\main.cpp(1971,86): warning C4244:  “参数”: 从“double”转换到“T”，可能丢失数据
D:\Game230\Asteroids\Asteroids\Asteroids\main.cpp(1971,86): warning C4244:         with
D:\Game230\Asteroids\Asteroids\Asteroids\main.cpp(1971,86): warning C4244:         [
D:\Game230\Asteroids\Asteroids\Asteroids\main.cpp(1971,86): warning C4244:             T=float
D:\Game230\Asteroids\Asteroids\Asteroids\main.cpp(1971,86): warning C4244:         ]
D:\Game230\Asteroids\Asteroids\Asteroids\main.cpp(1971,61): warning C4244:  “参数”: 从“double”转换到“T”，可能丢失数据
D:\Game230\Asteroids\Asteroids\Asteroids\main.cpp(1971,61): warning C4244:         with
D:\Game230\Asteroids\Asteroids\Asteroids\main.cpp(1971,61): warning C4244:         [
D:\Game230\Asteroids\Asteroids\Asteroids\main.cpp(1971,61): warning C4244:             T=float
D:\Game230\Asteroids\Asteroids\Asteroids\main.cpp(1971,61): warning C4244:         ]
D:\Game230\Asteroids\Asteroids\Asteroids\main.cpp(1984,87): warning C4244:  “参数”: 从“double”转换到“T”，可能丢失数据
D:\Game230\Asteroids\Asteroids\Asteroids\main.cpp(1984,87): warning C4244:         with
D:\Game230\Asteroids\Asteroids\Asteroids\main.cpp(1984,87): warning C4244:         [
D:\Game230\Asteroids\Asteroids\Asteroids\main.cpp(1984,87): warning C4244:             T=float
D:\Game230\Asteroids\Asteroids\Asteroids\main.cpp(1984,87): warning C4244:         ]
D:\Game230\Asteroids\Asteroids\Asteroids\main.cpp(1984,62): warning C4244:  “参数”: 从“double”转换到“T”，可能丢失数据
D:\Game230\Asteroids\Asteroids\Asteroids\main.cpp(1984,62): warning C4244:         with
D:\Game230\Asteroids\Asteroids\Asteroids\main.cpp(1984,62): warning C4244:         [
D:\Game230\Asteroids\Asteroids\Asteroids\main.cpp(1984,62): warning C4244:             T=float
D:\Game230\Asteroids\Asteroids\Asteroids\main.cpp(1984,62): warning C4244:         ]
D:\Game230\Asteroids\Asteroids\Asteroids\main.cpp(2003,86): warning C4244:  “参数”: 从“double”转换到“T”，可能丢失数据
D:\Game230\Asteroids\Asteroids\Asteroids\main.cpp(2003,86): warning C4244:         with
D:\Game230\Asteroids\Asteroids\Asteroids\main.cpp(2003,86): warning C4244:         [
D:\Game230\Asteroids\Asteroids\Asteroids\main.cpp(2003,86): warning C4244:             T=float
D:\Game230\Asteroids\Asteroids\Asteroids\main.cpp(2003,86): warning C4244:         ]
D:\Game230\Asteroids\Asteroids\Asteroids\main.cpp(2003,61): warning C4244:  “参数”: 从“double”转换到“T”，可能丢失数据
D:\Game230\Asteroids\Asteroids\Asteroids\main.cpp(2003,61): warning C4244:         with
D:\Game230\Asteroids\Asteroids\Asteroids\main.cpp(2003,61): warning C4244:         [
D:\Game230\Asteroids\Asteroids\Asteroids\main.cpp(2003,61): warning C4244:             T=float
D:\Game230\Asteroids\Asteroids\Asteroids\main.cpp(2003,61): warning C4244:         ]
D:\Game230\Asteroids\Asteroids\Asteroids\main.cpp(2018,87): warning C4244:  “参数”: 从“double”转换到“T”，可能丢失数据
D:\Game230\Asteroids\Asteroids\Asteroids\main.cpp(2018,87): warning C4244:         with
D:\Game230\Asteroids\Asteroids\Asteroids\main.cpp(2018,87): warning C4244:         [
D:\Game230\Asteroids\Asteroids\Asteroids\main.cpp(2018,87): warning C4244:             T=float
D:\Game230\Asteroids\Asteroids\Asteroids\main.cpp(2018,87): warning C4244:         ]
D:\Game230\Asteroids\Asteroids\Asteroids\main.cpp(2018,62): warning C4244:  “参数”: 从“double”转换到“T”，可能丢失数据
D:\Game230\Asteroids\Asteroids\Asteroids\main.cpp(2018,62): warning C4244:         with
D:\Game230\Asteroids\Asteroids\Asteroids\main.cpp(2018,62): warning C4244:         [
D:\Game230\Asteroids\Asteroids\Asteroids\main.cpp(2018,62): warning C4244:             T=float
D:\Game230\Asteroids\Asteroids\Asteroids\main.cpp(2018,62): warning C4244:         ]
D:\Game230\Asteroids\Asteroids\Asteroids\main.cpp(2033,30): warning C4018:  “<”: 有符号/无符号不匹配
D:\Game230\Asteroids\Asteroids\Asteroids\main.cpp(2060,84): warning C4244:  “参数”: 从“double”转换到“T”，可能丢失数据
D:\Game230\Asteroids\Asteroids\Asteroids\main.cpp(2060,84): warning C4244:         with
D:\Game230\Asteroids\Asteroids\Asteroids\main.cpp(2060,84): warning C4244:         [
D:\Game230\Asteroids\Asteroids\Asteroids\main.cpp(2060,84): warning C4244:             T=float
D:\Game230\Asteroids\Asteroids\Asteroids\main.cpp(2060,84): warning C4244:         ]
D:\Game230\Asteroids\Asteroids\Asteroids\main.cpp(2060,59): warning C4244:  “参数”: 从“double”转换到“T”，可能丢失数据
D:\Game230\Asteroids\Asteroids\Asteroids\main.cpp(2060,59): warning C4244:         with
D:\Game230\Asteroids\Asteroids\Asteroids\main.cpp(2060,59): warning C4244:         [
D:\Game230\Asteroids\Asteroids\Asteroids\main.cpp(2060,59): warning C4244:             T=float
D:\Game230\Asteroids\Asteroids\Asteroids\main.cpp(2060,59): warning C4244:         ]
D:\Game230\Asteroids\Asteroids\Asteroids\main.cpp(2073,85): warning C4244:  “参数”: 从“double”转换到“T”，可能丢失数据
D:\Game230\Asteroids\Asteroids\Asteroids\main.cpp(2073,85): warning C4244:         with
D:\Game230\Asteroids\Asteroids\Asteroids\main.cpp(2073,85): warning C4244:         [
D:\Game230\Asteroids\Asteroids\Asteroids\main.cpp(2073,85): warning C4244:             T=float
D:\Game230\Asteroids\Asteroids\Asteroids\main.cpp(2073,85): warning C4244:         ]
D:\Game230\Asteroids\Asteroids\Asteroids\main.cpp(2073,60): warning C4244:  “参数”: 从“double”转换到“T”，可能丢失数据
D:\Game230\Asteroids\Asteroids\Asteroids\main.cpp(2073,60): warning C4244:         with
D:\Game230\Asteroids\Asteroids\Asteroids\main.cpp(2073,60): warning C4244:         [
D:\Game230\Asteroids\Asteroids\Asteroids\main.cpp(2073,60): warning C4244:             T=float
D:\Game230\Asteroids\Asteroids\Asteroids\main.cpp(2073,60): warning C4244:         ]
D:\Game230\Asteroids\Asteroids\Asteroids\main.cpp(2090,84): warning C4244:  “参数”: 从“double”转换到“T”，可能丢失数据
D:\Game230\Asteroids\Asteroids\Asteroids\main.cpp(2090,84): warning C4244:         with
D:\Game230\Asteroids\Asteroids\Asteroids\main.cpp(2090,84): warning C4244:         [
D:\Game230\Asteroids\Asteroids\Asteroids\main.cpp(2090,84): warning C4244:             T=float
D:\Game230\Asteroids\Asteroids\Asteroids\main.cpp(2090,84): warning C4244:         ]
D:\Game230\Asteroids\Asteroids\Asteroids\main.cpp(2090,59): warning C4244:  “参数”: 从“double”转换到“T”，可能丢失数据
D:\Game230\Asteroids\Asteroids\Asteroids\main.cpp(2090,59): warning C4244:         with
D:\Game230\Asteroids\Asteroids\Asteroids\main.cpp(2090,59): warning C4244:         [
D:\Game230\Asteroids\Asteroids\Asteroids\main.cpp(2090,59): warning C4244:             T=float
D:\Game230\Asteroids\Asteroids\Asteroids\main.cpp(2090,59): warning C4244:         ]
D:\Game230\Asteroids\Asteroids\Asteroids\main.cpp(2103,85): warning C4244:  “参数”: 从“double”转换到“T”，可能丢失数据
D:\Game230\Asteroids\Asteroids\Asteroids\main.cpp(2103,85): warning C4244:         with
D:\Game230\Asteroids\Asteroids\Asteroids\main.cpp(2103,85): warning C4244:         [
D:\Game230\Asteroids\Asteroids\Asteroids\main.cpp(2103,85): warning C4244:             T=float
D:\Game230\Asteroids\Asteroids\Asteroids\main.cpp(2103,85): warning C4244:         ]
D:\Game230\Asteroids\Asteroids\Asteroids\main.cpp(2103,60): warning C4244:  “参数”: 从“double”转换到“T”，可能丢失数据
D:\Game230\Asteroids\Asteroids\Asteroids\main.cpp(2103,60): warning C4244:         with
D:\Game230\Asteroids\Asteroids\Asteroids\main.cpp(2103,60): warning C4244:         [
D:\Game230\Asteroids\Asteroids\Asteroids\main.cpp(2103,60): warning C4244:             T=float
D:\Game230\Asteroids\Asteroids\Asteroids\main.cpp(2103,60): warning C4244:         ]
D:\Game230\Asteroids\Asteroids\Asteroids\main.cpp(2119,25): warning C4018:  “<”: 有符号/无符号不匹配
D:\Game230\Asteroids\Asteroids\Asteroids\main.cpp(2125,25): warning C4018:  “<”: 有符号/无符号不匹配
D:\Game230\Asteroids\Asteroids\Asteroids\main.cpp(2133,26): warning C4018:  “<”: 有符号/无符号不匹配
D:\Game230\Asteroids\Asteroids\Asteroids\main.cpp(2137,25): warning C4018:  “<”: 有符号/无符号不匹配
D:\Game230\Asteroids\Asteroids\Asteroids\main.cpp(2142,25): warning C4018:  “<”: 有符号/无符号不匹配
D:\Game230\Asteroids\Asteroids\Asteroids\main.cpp(2154,26): warning C4018:  “<”: 有符号/无符号不匹配
  Asteroids.vcxproj -> D:\Game230\Asteroids\Asteroids\Debug\Asteroids.exe
